<?xml version="1.0" encoding="UTF-8"?>
<!-- Generated by org.testng.reporters.JUnitReportReporter -->
<testsuite skipped="0" hostname="DESKTOP-R484SR1" name="dockerTests.DockerFirefox" tests="1" failures="0" timestamp="17 Dec 2020 10:49:53 GMT" time="11.872" errors="0">
  <testcase name="firefoxTesOne" time="11.872" classname="dockerTests.DockerFirefox"/>
</testsuite> <!-- dockerTests.DockerFirefox -->
