<?xml version="1.0" encoding="UTF-8"?>
<!-- Generated by org.testng.reporters.JUnitReportReporter -->
<testsuite skipped="0" hostname="DESKTOP-R484SR1" name="dockerTests.DockerChrome" tests="1" failures="0" timestamp="17 Dec 2020 10:49:53 GMT" time="4.963" errors="0">
  <testcase name="chromeTesOne" time="4.963" classname="dockerTests.DockerChrome"/>
</testsuite> <!-- dockerTests.DockerChrome -->
