<?xml version="1.0" encoding="UTF-8"?>
<!-- Generated by org.testng.reporters.JUnitReportReporter -->
<testsuite skipped="0" hostname="DESKTOP-R484SR1" name="dockerTests.DockerChrome" tests="1" failures="0" timestamp="26 Dec 2020 11:02:56 GMT" time="5.154" errors="0">
  <testcase name="chromeTesOne" time="5.154" classname="dockerTests.DockerChrome"/>
</testsuite> <!-- dockerTests.DockerChrome -->
